{"level":"info","message":"⌛ Validating juego.wlk","timeElapsed":127,"timestamp":"2024-12-03T18:50:29.650Z"}
{"level":"error","message":"✘ Failed to rebuild document Failed to parse juego.wlk: \n-- PARSING FAILED --------------------------------------------------\n\n   99 |        game.removeVisual(contadorMonedas)\n  100 |        game.removeVisual(vidas)   \n> 101 |     }\n      |     ^\n  102 | \n  103 |     //Reiniciar el juego\n\nExpected one of the following: \n\n'@', 'class', 'const', 'describe', 'mixin', 'object', 'only', 'package', 'program', 'test', 'var', '{', EOF, comment, not \"}\r\n\r\n    \", whitespace\n","stack":"Error: Failed to parse juego.wlk: \n-- PARSING FAILED --------------------------------------------------\n\n   99 |        game.removeVisual(contadorMonedas)\n  100 |        game.removeVisual(vidas)   \n> 101 |     }\n      |     ^\n  102 | \n  103 |     //Reiniciar el juego\n\nExpected one of the following: \n\n'@', 'class', 'const', 'describe', 'mixin', 'object', 'only', 'package', 'program', 'test', 'var', '{', EOF, comment, not \"}\r\n\r\n    \", whitespace\n\n    at c:\\Users\\franp\\.vscode\\extensions\\uqbar.wollok-lsp-ide-0.4.0\\out\\server\\src\\server.js:2285:32687\n    at Array.map (<anonymous>)\n    at Nmn (c:\\Users\\franp\\.vscode\\extensions\\uqbar.wollok-lsp-ide-0.4.0\\out\\server\\src\\server.js:2285:32611)\n    at N2.buildEnvironmentFrom (c:\\Users\\franp\\.vscode\\extensions\\uqbar.wollok-lsp-ide-0.4.0\\out\\server\\src\\server.js:2316:5746)\n    at N2.updateEnvironmentWith (c:\\Users\\franp\\.vscode\\extensions\\uqbar.wollok-lsp-ide-0.4.0\\out\\server\\src\\server.js:2316:5481)\n    at tF (c:\\Users\\franp\\.vscode\\extensions\\uqbar.wollok-lsp-ide-0.4.0\\out\\server\\src\\server.js:2329:2254)\n    at P3.invoke (c:\\Users\\franp\\.vscode\\extensions\\uqbar.wollok-lsp-ide-0.4.0\\out\\server\\src\\server.js:3:157240)\n    at o.fire (c:\\Users\\franp\\.vscode\\extensions\\uqbar.wollok-lsp-ide-0.4.0\\out\\server\\src\\server.js:3:158010)\n    at c:\\Users\\franp\\.vscode\\extensions\\uqbar.wollok-lsp-ide-0.4.0\\out\\server\\src\\server.js:37:57871\n    at $r (c:\\Users\\franp\\.vscode\\extensions\\uqbar.wollok-lsp-ide-0.4.0\\out\\server\\src\\server.js:8:1561)","timestamp":"2024-12-03T18:50:29.684Z"}
{"level":"info","message":"⌛ Building environment","timeElapsed":117,"timestamp":"2024-12-03T18:50:30.065Z"}
{"level":"info","message":"⌛ Validating juego.wlk","timeElapsed":122,"timestamp":"2024-12-03T18:50:30.194Z"}
{"level":"info","message":"⌛ Building environment","timeElapsed":111,"timestamp":"2024-12-03T18:50:30.315Z"}
{"level":"info","message":"⌛ Validating juego.wlk","timeElapsed":113,"timestamp":"2024-12-03T18:50:30.429Z"}
{"level":"error","message":"✘ Failed to rebuild document Failed to parse juego.wlk: \n-- PARSING FAILED --------------------------------------------------\n\n   99 |        game.removeVisual(contadorMonedas)\n  100 |        game.removeVisual(vidas)   \n> 101 |     }\n      |     ^\n  102 | \n  103 |     //Reiniciar el juego\n\nExpected one of the following: \n\n'@', 'class', 'const', 'describe', 'mixin', 'object', 'only', 'package', 'program', 'test', 'var', '{', EOF, comment, not \"}\r\n\r\n    \", whitespace\n","stack":"Error: Failed to parse juego.wlk: \n-- PARSING FAILED --------------------------------------------------\n\n   99 |        game.removeVisual(contadorMonedas)\n  100 |        game.removeVisual(vidas)   \n> 101 |     }\n      |     ^\n  102 | \n  103 |     //Reiniciar el juego\n\nExpected one of the following: \n\n'@', 'class', 'const', 'describe', 'mixin', 'object', 'only', 'package', 'program', 'test', 'var', '{', EOF, comment, not \"}\r\n\r\n    \", whitespace\n\n    at c:\\Users\\franp\\.vscode\\extensions\\uqbar.wollok-lsp-ide-0.4.0\\out\\server\\src\\server.js:2285:32687\n    at Array.map (<anonymous>)\n    at Nmn (c:\\Users\\franp\\.vscode\\extensions\\uqbar.wollok-lsp-ide-0.4.0\\out\\server\\src\\server.js:2285:32611)\n    at N2.buildEnvironmentFrom (c:\\Users\\franp\\.vscode\\extensions\\uqbar.wollok-lsp-ide-0.4.0\\out\\server\\src\\server.js:2316:5746)\n    at N2.updateEnvironmentWith (c:\\Users\\franp\\.vscode\\extensions\\uqbar.wollok-lsp-ide-0.4.0\\out\\server\\src\\server.js:2316:5481)\n    at tF (c:\\Users\\franp\\.vscode\\extensions\\uqbar.wollok-lsp-ide-0.4.0\\out\\server\\src\\server.js:2329:2254)\n    at P3.invoke (c:\\Users\\franp\\.vscode\\extensions\\uqbar.wollok-lsp-ide-0.4.0\\out\\server\\src\\server.js:3:157240)\n    at o.fire (c:\\Users\\franp\\.vscode\\extensions\\uqbar.wollok-lsp-ide-0.4.0\\out\\server\\src\\server.js:3:158010)\n    at c:\\Users\\franp\\.vscode\\extensions\\uqbar.wollok-lsp-ide-0.4.0\\out\\server\\src\\server.js:37:57871\n    at $r (c:\\Users\\franp\\.vscode\\extensions\\uqbar.wollok-lsp-ide-0.4.0\\out\\server\\src\\server.js:8:1561)","timestamp":"2024-12-03T18:50:30.455Z"}
{"level":"info","message":"⌛ Building environment","timeElapsed":113,"timestamp":"2024-12-03T18:50:30.781Z"}
{"level":"info","message":"⌛ Validating juego.wlk","timeElapsed":146,"timestamp":"2024-12-03T18:50:30.928Z"}
{"level":"info","message":"⌛ Building environment","timeElapsed":113,"timestamp":"2024-12-03T18:50:31.102Z"}
{"level":"info","message":"⌛ Validating juego.wlk","timeElapsed":114,"timestamp":"2024-12-03T18:50:31.219Z"}
{"level":"info","message":"⌛ Building environment","timeElapsed":106,"timestamp":"2024-12-03T18:50:31.334Z"}
{"level":"info","message":"⌛ Validating juego.wlk","timeElapsed":122,"timestamp":"2024-12-03T18:50:31.456Z"}
{"level":"info","message":"⌛ Building environment","timeElapsed":120,"timestamp":"2024-12-03T18:50:31.859Z"}
{"level":"info","message":"⌛ Building environment","timeElapsed":120,"timestamp":"2024-12-03T18:50:31.982Z"}
{"level":"error","message":"✘ Failed to rebuild document Failed to parse juego.wlk: \n-- PARSING FAILED --------------------------------------------------\n\n   99 |        game.removeVisual(contadorMonedas)\n  100 |        game.removeVisual(vidas)   \n> 101 |     }\n      |     ^\n  102 | \n  103 |     //Reiniciar el juego\n\nExpected one of the following: \n\n'@', 'class', 'const', 'describe', 'mixin', 'object', 'only', 'package', 'program', 'test', 'var', '{', EOF, comment, not \"}\r\n\r\n    \", whitespace\n","stack":"Error: Failed to parse juego.wlk: \n-- PARSING FAILED --------------------------------------------------\n\n   99 |        game.removeVisual(contadorMonedas)\n  100 |        game.removeVisual(vidas)   \n> 101 |     }\n      |     ^\n  102 | \n  103 |     //Reiniciar el juego\n\nExpected one of the following: \n\n'@', 'class', 'const', 'describe', 'mixin', 'object', 'only', 'package', 'program', 'test', 'var', '{', EOF, comment, not \"}\r\n\r\n    \", whitespace\n\n    at c:\\Users\\franp\\.vscode\\extensions\\uqbar.wollok-lsp-ide-0.4.0\\out\\server\\src\\server.js:2285:32687\n    at Array.map (<anonymous>)\n    at Nmn (c:\\Users\\franp\\.vscode\\extensions\\uqbar.wollok-lsp-ide-0.4.0\\out\\server\\src\\server.js:2285:32611)\n    at N2.buildEnvironmentFrom (c:\\Users\\franp\\.vscode\\extensions\\uqbar.wollok-lsp-ide-0.4.0\\out\\server\\src\\server.js:2316:5746)\n    at N2.updateEnvironmentWith (c:\\Users\\franp\\.vscode\\extensions\\uqbar.wollok-lsp-ide-0.4.0\\out\\server\\src\\server.js:2316:5481)\n    at tF (c:\\Users\\franp\\.vscode\\extensions\\uqbar.wollok-lsp-ide-0.4.0\\out\\server\\src\\server.js:2329:2254)\n    at P3.invoke (c:\\Users\\franp\\.vscode\\extensions\\uqbar.wollok-lsp-ide-0.4.0\\out\\server\\src\\server.js:3:157240)\n    at o.fire (c:\\Users\\franp\\.vscode\\extensions\\uqbar.wollok-lsp-ide-0.4.0\\out\\server\\src\\server.js:3:158010)\n    at c:\\Users\\franp\\.vscode\\extensions\\uqbar.wollok-lsp-ide-0.4.0\\out\\server\\src\\server.js:37:57871\n    at $r (c:\\Users\\franp\\.vscode\\extensions\\uqbar.wollok-lsp-ide-0.4.0\\out\\server\\src\\server.js:8:1561)","timestamp":"2024-12-03T18:50:32.005Z"}
{"level":"error","message":"✘ Failed to rebuild document Failed to parse juego.wlk: \n-- PARSING FAILED --------------------------------------------------\n\n   99 |        game.removeVisual(contadorMonedas)\n  100 |        game.removeVisual(vidas)   \n> 101 |     }\n      |     ^\n  102 | \n  103 |     //Reiniciar el juego\n\nExpected one of the following: \n\n'@', 'class', 'const', 'describe', 'mixin', 'object', 'only', 'package', 'program', 'test', 'var', '{', EOF, comment, not \"}\r\n\r\n    \", whitespace\n","stack":"Error: Failed to parse juego.wlk: \n-- PARSING FAILED --------------------------------------------------\n\n   99 |        game.removeVisual(contadorMonedas)\n  100 |        game.removeVisual(vidas)   \n> 101 |     }\n      |     ^\n  102 | \n  103 |     //Reiniciar el juego\n\nExpected one of the following: \n\n'@', 'class', 'const', 'describe', 'mixin', 'object', 'only', 'package', 'program', 'test', 'var', '{', EOF, comment, not \"}\r\n\r\n    \", whitespace\n\n    at c:\\Users\\franp\\.vscode\\extensions\\uqbar.wollok-lsp-ide-0.4.0\\out\\server\\src\\server.js:2285:32687\n    at Array.map (<anonymous>)\n    at Nmn (c:\\Users\\franp\\.vscode\\extensions\\uqbar.wollok-lsp-ide-0.4.0\\out\\server\\src\\server.js:2285:32611)\n    at N2.buildEnvironmentFrom (c:\\Users\\franp\\.vscode\\extensions\\uqbar.wollok-lsp-ide-0.4.0\\out\\server\\src\\server.js:2316:5746)\n    at N2.updateEnvironmentWith (c:\\Users\\franp\\.vscode\\extensions\\uqbar.wollok-lsp-ide-0.4.0\\out\\server\\src\\server.js:2316:5481)\n    at tF (c:\\Users\\franp\\.vscode\\extensions\\uqbar.wollok-lsp-ide-0.4.0\\out\\server\\src\\server.js:2329:2254)\n    at P3.invoke (c:\\Users\\franp\\.vscode\\extensions\\uqbar.wollok-lsp-ide-0.4.0\\out\\server\\src\\server.js:3:157240)\n    at o.fire (c:\\Users\\franp\\.vscode\\extensions\\uqbar.wollok-lsp-ide-0.4.0\\out\\server\\src\\server.js:3:158010)\n    at c:\\Users\\franp\\.vscode\\extensions\\uqbar.wollok-lsp-ide-0.4.0\\out\\server\\src\\server.js:37:57871\n    at $r (c:\\Users\\franp\\.vscode\\extensions\\uqbar.wollok-lsp-ide-0.4.0\\out\\server\\src\\server.js:8:1561)","timestamp":"2024-12-03T18:50:32.033Z"}
{"level":"info","message":"⌛ Validating juego.wlk","timeElapsed":115,"timestamp":"2024-12-03T18:50:32.149Z"}
{"level":"info","message":"⌛ Building environment","timeElapsed":146,"timestamp":"2024-12-03T18:50:32.295Z"}
{"level":"info","message":"⌛ Building environment","timeElapsed":112,"timestamp":"2024-12-03T18:50:32.408Z"}
{"level":"error","message":"✘ Failed to rebuild document Failed to parse juego.wlk: \n-- PARSING FAILED --------------------------------------------------\n\n   99 |        game.removeVisual(contadorMonedas)\n  100 |        game.removeVisual(vidas)   \n> 101 |     }\n      |     ^\n  102 | \n  103 |     //Reiniciar el juego\n\nExpected one of the following: \n\n'@', 'class', 'const', 'describe', 'mixin', 'object', 'only', 'package', 'program', 'test', 'var', '{', EOF, comment, not \"}\r\n\r\n    \", whitespace\n","stack":"Error: Failed to parse juego.wlk: \n-- PARSING FAILED --------------------------------------------------\n\n   99 |        game.removeVisual(contadorMonedas)\n  100 |        game.removeVisual(vidas)   \n> 101 |     }\n      |     ^\n  102 | \n  103 |     //Reiniciar el juego\n\nExpected one of the following: \n\n'@', 'class', 'const', 'describe', 'mixin', 'object', 'only', 'package', 'program', 'test', 'var', '{', EOF, comment, not \"}\r\n\r\n    \", whitespace\n\n    at c:\\Users\\franp\\.vscode\\extensions\\uqbar.wollok-lsp-ide-0.4.0\\out\\server\\src\\server.js:2285:32687\n    at Array.map (<anonymous>)\n    at Nmn (c:\\Users\\franp\\.vscode\\extensions\\uqbar.wollok-lsp-ide-0.4.0\\out\\server\\src\\server.js:2285:32611)\n    at N2.buildEnvironmentFrom (c:\\Users\\franp\\.vscode\\extensions\\uqbar.wollok-lsp-ide-0.4.0\\out\\server\\src\\server.js:2316:5746)\n    at N2.updateEnvironmentWith (c:\\Users\\franp\\.vscode\\extensions\\uqbar.wollok-lsp-ide-0.4.0\\out\\server\\src\\server.js:2316:5481)\n    at tF (c:\\Users\\franp\\.vscode\\extensions\\uqbar.wollok-lsp-ide-0.4.0\\out\\server\\src\\server.js:2329:2254)\n    at P3.invoke (c:\\Users\\franp\\.vscode\\extensions\\uqbar.wollok-lsp-ide-0.4.0\\out\\server\\src\\server.js:3:157240)\n    at o.fire (c:\\Users\\franp\\.vscode\\extensions\\uqbar.wollok-lsp-ide-0.4.0\\out\\server\\src\\server.js:3:158010)\n    at c:\\Users\\franp\\.vscode\\extensions\\uqbar.wollok-lsp-ide-0.4.0\\out\\server\\src\\server.js:37:57871\n    at $r (c:\\Users\\franp\\.vscode\\extensions\\uqbar.wollok-lsp-ide-0.4.0\\out\\server\\src\\server.js:8:1561)","timestamp":"2024-12-03T18:50:32.435Z"}
{"level":"info","message":"⌛ Validating juego.wlk","timeElapsed":123,"timestamp":"2024-12-03T18:50:32.558Z"}
{"level":"info","message":"⌛ Building environment","timeElapsed":108,"timestamp":"2024-12-03T18:50:32.671Z"}
{"level":"info","message":"⌛ Validating juego.wlk","timeElapsed":136,"timestamp":"2024-12-03T18:50:32.807Z"}
{"level":"info","message":"⌛ Validating juego.wlk","timeElapsed":114,"timestamp":"2024-12-03T18:50:32.921Z"}
{"level":"info","message":"⌛ Validating juego.wlk","timeElapsed":126,"timestamp":"2024-12-03T18:50:33.053Z"}
{"level":"error","message":"✘ Failed to rebuild document Failed to parse juego.wlk: \n-- PARSING FAILED --------------------------------------------------\n\n   99 |        game.removeVisual(contadorMonedas)\n  100 |        game.removeVisual(vidas)   \n> 101 |     }\n      |     ^\n  102 | \n  103 |     //Reiniciar el juego\n\nExpected one of the following: \n\n'@', 'class', 'const', 'describe', 'mixin', 'object', 'only', 'package', 'program', 'test', 'var', '{', EOF, comment, not \"}\r\n\r\n    \", whitespace\n","stack":"Error: Failed to parse juego.wlk: \n-- PARSING FAILED --------------------------------------------------\n\n   99 |        game.removeVisual(contadorMonedas)\n  100 |        game.removeVisual(vidas)   \n> 101 |     }\n      |     ^\n  102 | \n  103 |     //Reiniciar el juego\n\nExpected one of the following: \n\n'@', 'class', 'const', 'describe', 'mixin', 'object', 'only', 'package', 'program', 'test', 'var', '{', EOF, comment, not \"}\r\n\r\n    \", whitespace\n\n    at c:\\Users\\franp\\.vscode\\extensions\\uqbar.wollok-lsp-ide-0.4.0\\out\\server\\src\\server.js:2285:32687\n    at Array.map (<anonymous>)\n    at Nmn (c:\\Users\\franp\\.vscode\\extensions\\uqbar.wollok-lsp-ide-0.4.0\\out\\server\\src\\server.js:2285:32611)\n    at N2.buildEnvironmentFrom (c:\\Users\\franp\\.vscode\\extensions\\uqbar.wollok-lsp-ide-0.4.0\\out\\server\\src\\server.js:2316:5746)\n    at N2.updateEnvironmentWith (c:\\Users\\franp\\.vscode\\extensions\\uqbar.wollok-lsp-ide-0.4.0\\out\\server\\src\\server.js:2316:5481)\n    at tF (c:\\Users\\franp\\.vscode\\extensions\\uqbar.wollok-lsp-ide-0.4.0\\out\\server\\src\\server.js:2329:2254)\n    at P3.invoke (c:\\Users\\franp\\.vscode\\extensions\\uqbar.wollok-lsp-ide-0.4.0\\out\\server\\src\\server.js:3:157240)\n    at o.fire (c:\\Users\\franp\\.vscode\\extensions\\uqbar.wollok-lsp-ide-0.4.0\\out\\server\\src\\server.js:3:158010)\n    at c:\\Users\\franp\\.vscode\\extensions\\uqbar.wollok-lsp-ide-0.4.0\\out\\server\\src\\server.js:37:57871\n    at $r (c:\\Users\\franp\\.vscode\\extensions\\uqbar.wollok-lsp-ide-0.4.0\\out\\server\\src\\server.js:8:1561)","timestamp":"2024-12-03T18:50:33.089Z"}
{"level":"info","message":"⌛ Building environment","timeElapsed":178,"timestamp":"2024-12-03T18:50:33.269Z"}
{"level":"error","message":"✘ Failed to rebuild document Failed to parse juego.wlk: \n-- PARSING FAILED --------------------------------------------------\n\n   99 |        game.removeVisual(contadorMonedas)\n  100 |        game.removeVisual(vidas)   \n> 101 |     }\n      |     ^\n  102 | \n  103 |     //Reiniciar el juego\n\nExpected one of the following: \n\n'@', 'class', 'const', 'describe', 'mixin', 'object', 'only', 'package', 'program', 'test', 'var', '{', EOF, comment, not \"}\r\n\r\n    \", whitespace\n","stack":"Error: Failed to parse juego.wlk: \n-- PARSING FAILED --------------------------------------------------\n\n   99 |        game.removeVisual(contadorMonedas)\n  100 |        game.removeVisual(vidas)   \n> 101 |     }\n      |     ^\n  102 | \n  103 |     //Reiniciar el juego\n\nExpected one of the following: \n\n'@', 'class', 'const', 'describe', 'mixin', 'object', 'only', 'package', 'program', 'test', 'var', '{', EOF, comment, not \"}\r\n\r\n    \", whitespace\n\n    at c:\\Users\\franp\\.vscode\\extensions\\uqbar.wollok-lsp-ide-0.4.0\\out\\server\\src\\server.js:2285:32687\n    at Array.map (<anonymous>)\n    at Nmn (c:\\Users\\franp\\.vscode\\extensions\\uqbar.wollok-lsp-ide-0.4.0\\out\\server\\src\\server.js:2285:32611)\n    at N2.buildEnvironmentFrom (c:\\Users\\franp\\.vscode\\extensions\\uqbar.wollok-lsp-ide-0.4.0\\out\\server\\src\\server.js:2316:5746)\n    at N2.updateEnvironmentWith (c:\\Users\\franp\\.vscode\\extensions\\uqbar.wollok-lsp-ide-0.4.0\\out\\server\\src\\server.js:2316:5481)\n    at tF (c:\\Users\\franp\\.vscode\\extensions\\uqbar.wollok-lsp-ide-0.4.0\\out\\server\\src\\server.js:2329:2254)\n    at P3.invoke (c:\\Users\\franp\\.vscode\\extensions\\uqbar.wollok-lsp-ide-0.4.0\\out\\server\\src\\server.js:3:157240)\n    at o.fire (c:\\Users\\franp\\.vscode\\extensions\\uqbar.wollok-lsp-ide-0.4.0\\out\\server\\src\\server.js:3:158010)\n    at c:\\Users\\franp\\.vscode\\extensions\\uqbar.wollok-lsp-ide-0.4.0\\out\\server\\src\\server.js:37:57871\n    at $r (c:\\Users\\franp\\.vscode\\extensions\\uqbar.wollok-lsp-ide-0.4.0\\out\\server\\src\\server.js:8:1561)","timestamp":"2024-12-03T18:50:33.325Z"}
{"level":"info","message":"⌛ Building environment","timeElapsed":118,"timestamp":"2024-12-03T18:50:33.444Z"}
{"level":"info","message":"⌛ Validating juego.wlk","timeElapsed":135,"timestamp":"2024-12-03T18:50:33.584Z"}
{"level":"info","message":"⌛ Building environment","timeElapsed":123,"timestamp":"2024-12-03T18:50:33.708Z"}
{"level":"info","message":"⌛ Validating juego.wlk","timeElapsed":123,"timestamp":"2024-12-03T18:50:33.837Z"}
{"level":"info","message":"⌛ Validating juego.wlk","timeElapsed":123,"timestamp":"2024-12-03T18:50:33.961Z"}
{"level":"info","message":"⌛ Building environment","timeElapsed":111,"timestamp":"2024-12-03T18:50:34.073Z"}
{"level":"info","message":"⌛ Validating juego.wlk","timeElapsed":132,"timestamp":"2024-12-03T18:50:34.209Z"}
{"level":"info","message":"⌛ Building environment","timeElapsed":108,"timestamp":"2024-12-03T18:50:34.319Z"}
{"level":"info","message":"⌛ Validating juego.wlk","timeElapsed":127,"timestamp":"2024-12-03T18:50:34.447Z"}
{"level":"info","message":"⌛ Building environment","timeElapsed":121,"timestamp":"2024-12-03T18:50:34.575Z"}
{"level":"info","message":"⌛ Validating juego.wlk","timeElapsed":120,"timestamp":"2024-12-03T18:50:34.696Z"}
{"level":"info","message":"⌛ Building environment","timeElapsed":113,"timestamp":"2024-12-03T18:50:34.849Z"}
{"level":"info","message":"⌛ Validating juego.wlk","timeElapsed":126,"timestamp":"2024-12-03T18:50:34.976Z"}
{"level":"info","message":"⌛ Building environment","timeElapsed":112,"timestamp":"2024-12-03T18:50:35.090Z"}
{"level":"info","message":"⌛ Validating juego.wlk","timeElapsed":120,"timestamp":"2024-12-03T18:50:35.211Z"}
{"level":"info","message":"⌛ Building environment","timeElapsed":148,"timestamp":"2024-12-03T18:50:35.429Z"}
{"level":"info","message":"⌛ Validating juego.wlk","timeElapsed":116,"timestamp":"2024-12-03T18:50:35.545Z"}
{"level":"info","message":"⌛ Building environment","timeElapsed":112,"timestamp":"2024-12-03T18:50:35.679Z"}
{"level":"info","message":"⌛ Validating juego.wlk","timeElapsed":116,"timestamp":"2024-12-03T18:50:35.796Z"}
{"level":"info","message":"⌛ Building environment","timeElapsed":116,"timestamp":"2024-12-03T18:50:35.956Z"}
{"level":"info","message":"⌛ Validating juego.wlk","timeElapsed":116,"timestamp":"2024-12-03T18:50:36.072Z"}
{"level":"info","message":"⌛ Building environment","timeElapsed":109,"timestamp":"2024-12-03T18:50:36.223Z"}
{"level":"info","message":"⌛ Validating juego.wlk","timeElapsed":117,"timestamp":"2024-12-03T18:50:36.342Z"}
{"level":"info","message":"⌛ Building environment","timeElapsed":129,"timestamp":"2024-12-03T18:50:36.583Z"}
{"level":"info","message":"⌛ Validating juego.wlk","timeElapsed":127,"timestamp":"2024-12-03T18:50:36.716Z"}
{"level":"info","message":"⌛ Building environment","timeElapsed":115,"timestamp":"2024-12-03T18:50:36.851Z"}
{"level":"info","message":"⌛ Validating juego.wlk","timeElapsed":115,"timestamp":"2024-12-03T18:50:36.966Z"}
{"level":"info","message":"⌛ Building environment","timeElapsed":110,"timestamp":"2024-12-03T18:50:37.394Z"}
{"level":"info","message":"⌛ Validating juego.wlk","timeElapsed":125,"timestamp":"2024-12-03T18:50:37.519Z"}
{"level":"info","message":"⌛ Building environment","timeElapsed":119,"timestamp":"2024-12-03T18:50:37.739Z"}
{"level":"info","message":"⌛ Validating juego.wlk","timeElapsed":126,"timestamp":"2024-12-03T18:50:37.869Z"}
{"level":"info","message":"⌛ Building environment","timeElapsed":121,"timestamp":"2024-12-03T18:50:38.063Z"}
{"level":"info","message":"⌛ Validating juego.wlk","timeElapsed":112,"timestamp":"2024-12-03T18:50:38.180Z"}
{"level":"info","message":"⌛ Building environment","timeElapsed":158,"timestamp":"2024-12-03T18:50:38.856Z"}
{"level":"info","message":"⌛ Validating juego.wlk","timeElapsed":125,"timestamp":"2024-12-03T18:50:38.983Z"}
{"level":"info","message":"⌛ Building environment","timeElapsed":116,"timestamp":"2024-12-03T18:50:39.228Z"}
{"level":"info","message":"⌛ Validating juego.wlk","timeElapsed":124,"timestamp":"2024-12-03T18:50:39.353Z"}
{"level":"info","message":"⌛ Building environment","timeElapsed":121,"timestamp":"2024-12-03T18:50:39.537Z"}
{"level":"info","message":"⌛ Validating juego.wlk","timeElapsed":121,"timestamp":"2024-12-03T18:50:39.663Z"}
{"level":"info","message":"⌛ Building environment","timeElapsed":127,"timestamp":"2024-12-03T18:50:39.849Z"}
{"level":"info","message":"⌛ Validating juego.wlk","timeElapsed":121,"timestamp":"2024-12-03T18:50:39.975Z"}
{"level":"info","message":"⌛ Building environment","timeElapsed":116,"timestamp":"2024-12-03T18:50:40.623Z"}
{"level":"info","message":"⌛ Validating juego.wlk","timeElapsed":125,"timestamp":"2024-12-03T18:50:40.748Z"}
{"level":"info","message":"⌛ Building environment","timeElapsed":112,"timestamp":"2024-12-03T18:50:44.643Z"}
{"level":"info","message":"⌛ Validating nivel.wlk","timeElapsed":125,"timestamp":"2024-12-03T18:50:44.769Z"}
{"level":"info","message":"⌛ Building environment","timeElapsed":113,"timestamp":"2024-12-03T18:50:44.997Z"}
{"level":"info","message":"⌛ Validating nivel.wlk","timeElapsed":122,"timestamp":"2024-12-03T18:50:45.124Z"}
{"level":"info","message":"⌛ Building environment","timeElapsed":130,"timestamp":"2024-12-03T18:50:45.380Z"}
{"level":"info","message":"⌛ Validating nivel.wlk","timeElapsed":142,"timestamp":"2024-12-03T18:50:45.554Z"}
{"level":"info","message":"⌛ Building environment","timeElapsed":119,"timestamp":"2024-12-03T18:50:45.673Z"}
{"level":"info","message":"⌛ Validating nivel.wlk","timeElapsed":124,"timestamp":"2024-12-03T18:50:45.798Z"}
{"level":"error","message":"✘ Failed to rebuild document Failed to parse nivel.wlk: \n-- PARSING FAILED --------------------------------------------------\n\n  87 | \tmethod\n  88 | \n> 89 | }\n     | ^\n  90 | \n  91 | \n\nExpected one of the following: \n\n'!=', '!==', '%', '&&', '*', '**', '+', '-', '->', '..', '..<', '/', '<', '<<', '<<<', '<=', '<=>', '<>', '==', '===', '>', '>..', '>=', '>>', '>>>', '?:', 'and', 'invert', 'negate', 'or', 'plus', '||', identifier, whitespace\n","stack":"Error: Failed to parse nivel.wlk: \n-- PARSING FAILED --------------------------------------------------\n\n  87 | \tmethod\n  88 | \n> 89 | }\n     | ^\n  90 | \n  91 | \n\nExpected one of the following: \n\n'!=', '!==', '%', '&&', '*', '**', '+', '-', '->', '..', '..<', '/', '<', '<<', '<<<', '<=', '<=>', '<>', '==', '===', '>', '>..', '>=', '>>', '>>>', '?:', 'and', 'invert', 'negate', 'or', 'plus', '||', identifier, whitespace\n\n    at c:\\Users\\franp\\.vscode\\extensions\\uqbar.wollok-lsp-ide-0.4.0\\out\\server\\src\\server.js:2285:32687\n    at Array.map (<anonymous>)\n    at Nmn (c:\\Users\\franp\\.vscode\\extensions\\uqbar.wollok-lsp-ide-0.4.0\\out\\server\\src\\server.js:2285:32611)\n    at N2.buildEnvironmentFrom (c:\\Users\\franp\\.vscode\\extensions\\uqbar.wollok-lsp-ide-0.4.0\\out\\server\\src\\server.js:2316:5746)\n    at N2.updateEnvironmentWith (c:\\Users\\franp\\.vscode\\extensions\\uqbar.wollok-lsp-ide-0.4.0\\out\\server\\src\\server.js:2316:5481)\n    at tF (c:\\Users\\franp\\.vscode\\extensions\\uqbar.wollok-lsp-ide-0.4.0\\out\\server\\src\\server.js:2329:2254)\n    at P3.invoke (c:\\Users\\franp\\.vscode\\extensions\\uqbar.wollok-lsp-ide-0.4.0\\out\\server\\src\\server.js:3:157240)\n    at o.fire (c:\\Users\\franp\\.vscode\\extensions\\uqbar.wollok-lsp-ide-0.4.0\\out\\server\\src\\server.js:3:158010)\n    at c:\\Users\\franp\\.vscode\\extensions\\uqbar.wollok-lsp-ide-0.4.0\\out\\server\\src\\server.js:37:57871\n    at $r (c:\\Users\\franp\\.vscode\\extensions\\uqbar.wollok-lsp-ide-0.4.0\\out\\server\\src\\server.js:8:1561)","timestamp":"2024-12-03T18:50:45.845Z"}
{"level":"info","message":"⌛ Building environment","timeElapsed":108,"timestamp":"2024-12-03T18:50:46.304Z"}
{"level":"info","message":"⌛ Validating nivel.wlk","timeElapsed":125,"timestamp":"2024-12-03T18:50:46.432Z"}
{"level":"info","message":"⌛ Building environment","timeElapsed":115,"timestamp":"2024-12-03T18:50:46.796Z"}
{"level":"info","message":"⌛ Validating nivel.wlk","timeElapsed":116,"timestamp":"2024-12-03T18:50:46.912Z"}
{"level":"info","message":"⌛ Building environment","timeElapsed":108,"timestamp":"2024-12-03T18:50:47.334Z"}
{"level":"info","message":"⌛ Validating nivel.wlk","timeElapsed":128,"timestamp":"2024-12-03T18:50:47.464Z"}
{"level":"info","message":"⌛ Building environment","timeElapsed":111,"timestamp":"2024-12-03T18:50:48.026Z"}
{"level":"info","message":"⌛ Validating nivel.wlk","timeElapsed":119,"timestamp":"2024-12-03T18:50:48.145Z"}
{"level":"info","message":"⌛ Building environment","timeElapsed":115,"timestamp":"2024-12-03T18:50:48.414Z"}
{"level":"info","message":"⌛ Validating nivel.wlk","timeElapsed":114,"timestamp":"2024-12-03T18:50:48.529Z"}
{"level":"info","message":"⌛ Building environment","timeElapsed":115,"timestamp":"2024-12-03T18:50:48.750Z"}
{"level":"info","message":"⌛ Validating nivel.wlk","timeElapsed":116,"timestamp":"2024-12-03T18:50:48.870Z"}
{"level":"info","message":"⌛ Building environment","timeElapsed":106,"timestamp":"2024-12-03T18:50:49.160Z"}
{"level":"info","message":"⌛ Validating nivel.wlk","timeElapsed":116,"timestamp":"2024-12-03T18:50:49.276Z"}
{"level":"info","message":"⌛ Building environment","timeElapsed":116,"timestamp":"2024-12-03T18:50:49.568Z"}
{"level":"info","message":"⌛ Validating nivel.wlk","timeElapsed":114,"timestamp":"2024-12-03T18:50:49.683Z"}
{"level":"info","message":"⌛ Building environment","timeElapsed":116,"timestamp":"2024-12-03T18:50:49.903Z"}
{"level":"info","message":"⌛ Validating nivel.wlk","timeElapsed":115,"timestamp":"2024-12-03T18:50:50.025Z"}
{"level":"info","message":"⌛ Building environment","timeElapsed":105,"timestamp":"2024-12-03T18:50:50.215Z"}
{"level":"info","message":"⌛ Validating nivel.wlk","timeElapsed":111,"timestamp":"2024-12-03T18:50:50.333Z"}
{"level":"info","message":"⌛ Building environment","timeElapsed":141,"timestamp":"2024-12-03T18:50:50.570Z"}
{"level":"info","message":"⌛ Validating nivel.wlk","timeElapsed":135,"timestamp":"2024-12-03T18:50:50.709Z"}
{"level":"info","message":"⌛ Building environment","timeElapsed":112,"timestamp":"2024-12-03T18:50:50.876Z"}
{"level":"info","message":"⌛ Validating nivel.wlk","timeElapsed":124,"timestamp":"2024-12-03T18:50:51.009Z"}
{"level":"info","message":"⌛ Building environment","timeElapsed":101,"timestamp":"2024-12-03T18:50:51.141Z"}
{"level":"info","message":"⌛ Validating nivel.wlk","timeElapsed":113,"timestamp":"2024-12-03T18:50:51.254Z"}
{"level":"info","message":"⌛ Building environment","timeElapsed":109,"timestamp":"2024-12-03T18:50:51.453Z"}
{"level":"info","message":"⌛ Validating nivel.wlk","timeElapsed":123,"timestamp":"2024-12-03T18:50:51.580Z"}
{"level":"info","message":"⌛ Building environment","timeElapsed":111,"timestamp":"2024-12-03T18:50:51.790Z"}
{"level":"info","message":"⌛ Validating nivel.wlk","timeElapsed":115,"timestamp":"2024-12-03T18:50:51.909Z"}
{"level":"info","message":"⌛ Building environment","timeElapsed":125,"timestamp":"2024-12-03T18:50:52.128Z"}
{"level":"info","message":"⌛ Validating nivel.wlk","timeElapsed":117,"timestamp":"2024-12-03T18:50:52.251Z"}
{"level":"info","message":"⌛ Building environment","timeElapsed":141,"timestamp":"2024-12-03T18:50:52.592Z"}
{"level":"info","message":"⌛ Validating nivel.wlk","timeElapsed":122,"timestamp":"2024-12-03T18:50:52.716Z"}
{"level":"info","message":"⌛ Building environment","timeElapsed":131,"timestamp":"2024-12-03T18:50:55.895Z"}
{"level":"info","message":"⌛ Validating nivel.wlk","timeElapsed":132,"timestamp":"2024-12-03T18:50:56.031Z"}
{"level":"info","message":"⌛ Building environment","timeElapsed":164,"timestamp":"2024-12-03T18:50:59.003Z"}
{"level":"info","message":"⌛ Validating nivel.wlk","timeElapsed":121,"timestamp":"2024-12-03T18:50:59.127Z"}
{"level":"info","message":"⌛ Building environment","timeElapsed":106,"timestamp":"2024-12-03T18:50:59.233Z"}
{"level":"info","message":"⌛ Validating nivel.wlk","timeElapsed":121,"timestamp":"2024-12-03T18:50:59.356Z"}
{"level":"info","message":"⌛ Building environment","timeElapsed":222,"timestamp":"2024-12-03T18:52:34.940Z"}
{"level":"info","message":"onRequest - WORKSPACE_URI:file:///c%3A/Users/franp/OneDrive/Escritorio/TP-IntegradorTeam-losifsinelse","timestamp":"2024-12-03T18:52:34.944Z"}
{"level":"info","message":"⌛ Building environment","timeElapsed":247,"timestamp":"2024-12-03T18:52:35.199Z"}
{"level":"info","message":"⌛ Building environment","timeElapsed":157,"timestamp":"2024-12-03T18:52:35.364Z"}
{"level":"info","message":"⌛ Building environment","timeElapsed":147,"timestamp":"2024-12-03T18:52:35.514Z"}
{"level":"info","message":"⌛ Building environment","timeElapsed":130,"timestamp":"2024-12-03T18:52:35.656Z"}
{"level":"info","message":"⌛ Building environment","timeElapsed":161,"timestamp":"2024-12-03T18:52:35.818Z"}
{"level":"info","message":"⌛ Building environment","timeElapsed":143,"timestamp":"2024-12-03T18:52:35.962Z"}
{"level":"info","message":"⌛ Validating juego.wlk","timeElapsed":214,"timestamp":"2024-12-03T18:52:36.177Z"}
{"level":"info","message":"⌛ Validating rideCar.wpgm","timeElapsed":197,"timestamp":"2024-12-03T18:52:36.375Z"}
{"level":"info","message":"⌛ Building environment","timeElapsed":276,"timestamp":"2024-12-03T18:52:36.652Z"}
{"level":"info","message":"⌛ Validating pantallas.wlk","timeElapsed":147,"timestamp":"2024-12-03T18:52:36.806Z"}
{"level":"info","message":"⌛ Validating obstaculos.wlk","timeElapsed":149,"timestamp":"2024-12-03T18:52:36.956Z"}
{"level":"info","message":"⌛ Validating nivel.wlk","timeElapsed":149,"timestamp":"2024-12-03T18:52:37.105Z"}
{"level":"info","message":"⌛ Validating auto.wlk","timeElapsed":143,"timestamp":"2024-12-03T18:52:37.249Z"}
{"level":"info","message":"⌛ Validating juego.wlk","timeElapsed":144,"timestamp":"2024-12-03T18:52:37.393Z"}
{"level":"info","message":"⌛ Validating rideCar.wpgm","timeElapsed":136,"timestamp":"2024-12-03T18:52:37.531Z"}
{"level":"info","message":"⌛ Validating pantallas.wlk","timeElapsed":105,"timestamp":"2024-12-03T18:52:37.638Z"}
{"level":"info","message":"⌛ Validating obstaculos.wlk","timeElapsed":107,"timestamp":"2024-12-03T18:52:37.745Z"}
{"level":"info","message":"⌛ Validating auto.wlk","timeElapsed":101,"timestamp":"2024-12-03T18:52:37.943Z"}
{"level":"info","message":"⌛ Building environment","timeElapsed":157,"timestamp":"2024-12-03T18:55:40.416Z"}
{"level":"info","message":"⌛ Building environment","timeElapsed":166,"timestamp":"2024-12-03T18:55:40.583Z"}
{"level":"info","message":"⌛ Validating nivel.wlk","timeElapsed":169,"timestamp":"2024-12-03T18:55:40.789Z"}
{"level":"info","message":"⌛ Building environment","timeElapsed":110,"timestamp":"2024-12-03T18:55:40.901Z"}
{"level":"info","message":"⌛ Building environment","timeElapsed":164,"timestamp":"2024-12-03T18:55:41.067Z"}
{"level":"info","message":"⌛ Validating nivel.wlk","timeElapsed":149,"timestamp":"2024-12-03T18:55:41.216Z"}
{"level":"info","message":"onRequest - completionItem/resolve","timestamp":"2024-12-03T18:55:41.217Z"}
{"level":"info","message":"⌛ Building environment","timeElapsed":121,"timestamp":"2024-12-03T18:55:41.339Z"}
{"level":"info","message":"onRequest - completionItem/resolve","timestamp":"2024-12-03T18:55:41.340Z"}
{"level":"info","message":"⌛ Validating nivel.wlk","timeElapsed":138,"timestamp":"2024-12-03T18:55:41.480Z"}
{"level":"info","message":"⌛ Validating nivel.wlk","timeElapsed":140,"timestamp":"2024-12-03T18:55:41.650Z"}
{"level":"info","message":"⌛ Building environment","timeElapsed":165,"timestamp":"2024-12-03T18:55:41.816Z"}
{"level":"info","message":"⌛ Validating nivel.wlk","timeElapsed":140,"timestamp":"2024-12-03T18:55:41.991Z"}
{"level":"info","message":"⌛ Building environment","timeElapsed":119,"timestamp":"2024-12-03T18:55:42.111Z"}
{"level":"info","message":"⌛ Building environment","timeElapsed":124,"timestamp":"2024-12-03T18:55:42.236Z"}
{"level":"info","message":"⌛ Validating nivel.wlk","timeElapsed":138,"timestamp":"2024-12-03T18:55:42.375Z"}
{"level":"info","message":"onRequest - completionItem/resolve","timestamp":"2024-12-03T18:55:42.375Z"}
{"level":"info","message":"⌛ Validating nivel.wlk","timeElapsed":139,"timestamp":"2024-12-03T18:55:42.521Z"}
{"level":"info","message":"⌛ Validating nivel.wlk","timeElapsed":148,"timestamp":"2024-12-03T18:55:42.669Z"}
{"level":"info","message":"⌛ Building environment","timeElapsed":111,"timestamp":"2024-12-03T18:55:43.026Z"}
{"level":"info","message":"⌛ Validating nivel.wlk","timeElapsed":140,"timestamp":"2024-12-03T18:55:43.167Z"}
{"level":"info","message":"⌛ Building environment","timeElapsed":157,"timestamp":"2024-12-03T18:55:47.346Z"}
{"level":"info","message":"⌛ Validating nivel.wlk","timeElapsed":133,"timestamp":"2024-12-03T18:55:47.480Z"}
{"level":"info","message":"⌛ Building environment","timeElapsed":133,"timestamp":"2024-12-03T18:55:58.175Z"}
{"level":"info","message":"⌛ Validating nivel.wlk","timeElapsed":142,"timestamp":"2024-12-03T18:55:58.321Z"}
{"level":"info","message":"⌛ Building environment","timeElapsed":125,"timestamp":"2024-12-03T18:56:00.179Z"}
{"level":"error","message":"✘ Completions for node failed: Error: [Send]{66fb11} at nivel.wlk:15 exhausted all cases without a match [Send]{66fb11} at nivel.wlk:15 exhausted all cases without a match","stack":"Error: [Send]{66fb11} at nivel.wlk:15 exhausted all cases without a match\n    at c:\\Users\\franp\\.vscode\\extensions\\uqbar.wollok-lsp-ide-0.4.0\\out\\server\\src\\server.js:38:6142\n    at Lh (c:\\Users\\franp\\.vscode\\extensions\\uqbar.wollok-lsp-ide-0.4.0\\out\\server\\src\\server.js:2322:42)\n    at Fh (c:\\Users\\franp\\.vscode\\extensions\\uqbar.wollok-lsp-ide-0.4.0\\out\\server\\src\\server.js:2322:1004)\n    at A9n (c:\\Users\\franp\\.vscode\\extensions\\uqbar.wollok-lsp-ide-0.4.0\\out\\server\\src\\server.js:2322:1160)\n    at c:\\Users\\franp\\.vscode\\extensions\\uqbar.wollok-lsp-ide-0.4.0\\out\\server\\src\\server.js:38:6131\n    at Lh (c:\\Users\\franp\\.vscode\\extensions\\uqbar.wollok-lsp-ide-0.4.0\\out\\server\\src\\server.js:2322:42)\n    at c:\\Users\\franp\\.vscode\\extensions\\uqbar.wollok-lsp-ide-0.4.0\\out\\server\\src\\server.js:2322:2700\n    at c:\\Users\\franp\\.vscode\\extensions\\uqbar.wollok-lsp-ide-0.4.0\\out\\server\\src\\server.js:2329:3736\n    at c:\\Users\\franp\\.vscode\\extensions\\uqbar.wollok-lsp-ide-0.4.0\\out\\server\\src\\server.js:37:74872\n    at He (c:\\Users\\franp\\.vscode\\extensions\\uqbar.wollok-lsp-ide-0.4.0\\out\\server\\src\\server.js:7:8527)","timestamp":"2024-12-03T18:56:00.210Z"}
{"level":"info","message":"⌛ Building environment","timeElapsed":121,"timestamp":"2024-12-03T18:56:00.336Z"}
{"level":"info","message":"⌛ Validating nivel.wlk","timeElapsed":134,"timestamp":"2024-12-03T18:56:00.470Z"}
{"level":"info","message":"onRequest - completionItem/resolve","timestamp":"2024-12-03T18:56:00.471Z"}
{"level":"info","message":"⌛ Building environment","timeElapsed":116,"timestamp":"2024-12-03T18:56:00.587Z"}
{"level":"info","message":"onRequest - completionItem/resolve","timestamp":"2024-12-03T18:56:00.588Z"}
{"level":"info","message":"⌛ Validating nivel.wlk","timeElapsed":132,"timestamp":"2024-12-03T18:56:00.720Z"}
{"level":"info","message":"⌛ Building environment","timeElapsed":117,"timestamp":"2024-12-03T18:56:00.837Z"}
{"level":"info","message":"onRequest - completionItem/resolve","timestamp":"2024-12-03T18:56:00.838Z"}
{"level":"info","message":"⌛ Validating nivel.wlk","timeElapsed":147,"timestamp":"2024-12-03T18:56:00.985Z"}
{"level":"info","message":"⌛ Validating nivel.wlk","timeElapsed":195,"timestamp":"2024-12-03T18:56:01.190Z"}
{"level":"info","message":"⌛ Building environment","timeElapsed":140,"timestamp":"2024-12-03T18:56:03.125Z"}
{"level":"info","message":"⌛ Validating nivel.wlk","timeElapsed":154,"timestamp":"2024-12-03T18:56:03.282Z"}
{"level":"info","message":"⌛ Building environment","timeElapsed":119,"timestamp":"2024-12-03T18:56:03.412Z"}
{"level":"info","message":"⌛ Validating nivel.wlk","timeElapsed":132,"timestamp":"2024-12-03T18:56:03.549Z"}
{"level":"info","message":"⌛ Building environment","timeElapsed":119,"timestamp":"2024-12-03T18:56:04.181Z"}
{"level":"error","message":"✘ Completions for node failed: Error: [Send]{83caf0} at nivel.wlk:17 exhausted all cases without a match [Send]{83caf0} at nivel.wlk:17 exhausted all cases without a match","stack":"Error: [Send]{83caf0} at nivel.wlk:17 exhausted all cases without a match\n    at c:\\Users\\franp\\.vscode\\extensions\\uqbar.wollok-lsp-ide-0.4.0\\out\\server\\src\\server.js:38:6142\n    at Lh (c:\\Users\\franp\\.vscode\\extensions\\uqbar.wollok-lsp-ide-0.4.0\\out\\server\\src\\server.js:2322:42)\n    at Fh (c:\\Users\\franp\\.vscode\\extensions\\uqbar.wollok-lsp-ide-0.4.0\\out\\server\\src\\server.js:2322:1004)\n    at A9n (c:\\Users\\franp\\.vscode\\extensions\\uqbar.wollok-lsp-ide-0.4.0\\out\\server\\src\\server.js:2322:1160)\n    at c:\\Users\\franp\\.vscode\\extensions\\uqbar.wollok-lsp-ide-0.4.0\\out\\server\\src\\server.js:38:6131\n    at Lh (c:\\Users\\franp\\.vscode\\extensions\\uqbar.wollok-lsp-ide-0.4.0\\out\\server\\src\\server.js:2322:42)\n    at c:\\Users\\franp\\.vscode\\extensions\\uqbar.wollok-lsp-ide-0.4.0\\out\\server\\src\\server.js:2322:2700\n    at c:\\Users\\franp\\.vscode\\extensions\\uqbar.wollok-lsp-ide-0.4.0\\out\\server\\src\\server.js:2329:3736\n    at c:\\Users\\franp\\.vscode\\extensions\\uqbar.wollok-lsp-ide-0.4.0\\out\\server\\src\\server.js:37:74872\n    at He (c:\\Users\\franp\\.vscode\\extensions\\uqbar.wollok-lsp-ide-0.4.0\\out\\server\\src\\server.js:7:8527)","timestamp":"2024-12-03T18:56:04.228Z"}
{"level":"info","message":"⌛ Building environment","timeElapsed":134,"timestamp":"2024-12-03T18:56:04.371Z"}
{"level":"info","message":"⌛ Validating nivel.wlk","timeElapsed":142,"timestamp":"2024-12-03T18:56:04.513Z"}
{"level":"info","message":"onRequest - completionItem/resolve","timestamp":"2024-12-03T18:56:04.513Z"}
{"level":"info","message":"⌛ Building environment","timeElapsed":120,"timestamp":"2024-12-03T18:56:04.634Z"}
{"level":"info","message":"onRequest - completionItem/resolve","timestamp":"2024-12-03T18:56:04.634Z"}
{"level":"info","message":"⌛ Validating nivel.wlk","timeElapsed":129,"timestamp":"2024-12-03T18:56:04.764Z"}
{"level":"info","message":"⌛ Building environment","timeElapsed":126,"timestamp":"2024-12-03T18:56:04.891Z"}
{"level":"info","message":"onRequest - completionItem/resolve","timestamp":"2024-12-03T18:56:04.891Z"}
{"level":"info","message":"⌛ Validating nivel.wlk","timeElapsed":128,"timestamp":"2024-12-03T18:56:05.020Z"}
{"level":"info","message":"⌛ Validating nivel.wlk","timeElapsed":176,"timestamp":"2024-12-03T18:56:05.204Z"}
{"level":"info","message":"⌛ Building environment","timeElapsed":126,"timestamp":"2024-12-03T18:56:20.016Z"}
{"level":"info","message":"⌛ Validating nivel.wlk","timeElapsed":137,"timestamp":"2024-12-03T18:56:20.154Z"}
{"level":"info","message":"⌛ Building environment","timeElapsed":128,"timestamp":"2024-12-03T18:56:20.290Z"}
{"level":"info","message":"⌛ Validating nivel.wlk","timeElapsed":132,"timestamp":"2024-12-03T18:56:20.423Z"}
{"level":"info","message":"⌛ Building environment","timeElapsed":113,"timestamp":"2024-12-03T18:56:20.538Z"}
{"level":"info","message":"⌛ Validating nivel.wlk","timeElapsed":131,"timestamp":"2024-12-03T18:56:20.669Z"}
{"level":"info","message":"⌛ Building environment","timeElapsed":120,"timestamp":"2024-12-03T18:56:20.796Z"}
{"level":"info","message":"⌛ Validating nivel.wlk","timeElapsed":144,"timestamp":"2024-12-03T18:56:20.942Z"}
{"level":"info","message":"⌛ Building environment","timeElapsed":116,"timestamp":"2024-12-03T18:56:24.666Z"}
{"level":"info","message":"⌛ Validating nivel.wlk","timeElapsed":133,"timestamp":"2024-12-03T18:56:24.804Z"}
{"level":"info","message":"⌛ Building environment","timeElapsed":113,"timestamp":"2024-12-03T18:56:24.922Z"}
{"level":"info","message":"⌛ Validating nivel.wlk","timeElapsed":131,"timestamp":"2024-12-03T18:56:25.057Z"}
{"level":"info","message":"⌛ Building environment","timeElapsed":115,"timestamp":"2024-12-03T18:56:33.817Z"}
{"level":"info","message":"⌛ Validating nivel.wlk","timeElapsed":130,"timestamp":"2024-12-03T18:56:33.948Z"}
{"level":"info","message":"⌛ Building environment","timeElapsed":126,"timestamp":"2024-12-03T18:56:34.099Z"}
{"level":"info","message":"⌛ Validating nivel.wlk","timeElapsed":126,"timestamp":"2024-12-03T18:56:34.226Z"}
{"level":"info","message":"⌛ Building environment","timeElapsed":208,"timestamp":"2024-12-03T18:59:29.763Z"}
{"level":"info","message":"⌛ Validating nivel.wlk","timeElapsed":192,"timestamp":"2024-12-03T18:59:29.959Z"}
{"level":"info","message":"⌛ Building environment","timeElapsed":216,"timestamp":"2024-12-03T18:59:31.457Z"}
{"level":"info","message":"⌛ Validating nivel.wlk","timeElapsed":146,"timestamp":"2024-12-03T18:59:31.605Z"}
{"level":"info","message":"⌛ Building environment","timeElapsed":142,"timestamp":"2024-12-03T18:59:32.123Z"}
{"level":"info","message":"⌛ Validating nivel.wlk","timeElapsed":157,"timestamp":"2024-12-03T18:59:32.281Z"}
{"level":"info","message":"⌛ Building environment","timeElapsed":123,"timestamp":"2024-12-03T18:59:32.420Z"}
{"level":"info","message":"⌛ Validating nivel.wlk","timeElapsed":170,"timestamp":"2024-12-03T18:59:32.639Z"}
{"level":"info","message":"⌛ Building environment","timeElapsed":132,"timestamp":"2024-12-03T18:59:32.773Z"}
{"level":"info","message":"⌛ Validating nivel.wlk","timeElapsed":146,"timestamp":"2024-12-03T18:59:32.924Z"}
{"level":"info","message":"⌛ Building environment","timeElapsed":155,"timestamp":"2024-12-03T18:59:33.415Z"}
{"level":"info","message":"⌛ Validating nivel.wlk","timeElapsed":141,"timestamp":"2024-12-03T18:59:33.557Z"}
{"level":"info","message":"⌛ Building environment","timeElapsed":183,"timestamp":"2024-12-03T19:00:17.068Z"}
{"level":"info","message":"⌛ Validating auto.wlk","timeElapsed":238,"timestamp":"2024-12-03T19:00:17.355Z"}
{"level":"info","message":"⌛ Building environment","timeElapsed":197,"timestamp":"2024-12-03T19:03:44.007Z"}
{"level":"info","message":"⌛ Validating obstaculos.wlk","timeElapsed":236,"timestamp":"2024-12-03T19:03:44.268Z"}
{"level":"info","message":"⌛ Building environment","timeElapsed":242,"timestamp":"2024-12-03T19:03:54.336Z"}
{"level":"info","message":"⌛ Validating pantallas.wlk","timeElapsed":169,"timestamp":"2024-12-03T19:03:54.514Z"}
{"level":"info","message":"⌛ Building environment","timeElapsed":160,"timestamp":"2024-12-03T19:09:37.008Z"}
{"level":"info","message":"⌛ Validating juego.wlk","timeElapsed":214,"timestamp":"2024-12-03T19:09:37.224Z"}
{"level":"info","message":"⌛ Building environment","timeElapsed":128,"timestamp":"2024-12-03T19:09:37.353Z"}
{"level":"info","message":"⌛ Building environment","timeElapsed":128,"timestamp":"2024-12-03T19:09:37.509Z"}
{"level":"info","message":"⌛ Validating juego.wlk","timeElapsed":131,"timestamp":"2024-12-03T19:09:37.641Z"}
{"level":"info","message":"onRequest - completionItem/resolve","timestamp":"2024-12-03T19:09:37.642Z"}
{"level":"info","message":"⌛ Validating juego.wlk","timeElapsed":129,"timestamp":"2024-12-03T19:09:37.775Z"}
{"level":"info","message":"⌛ Building environment","timeElapsed":119,"timestamp":"2024-12-03T19:09:38.229Z"}
{"level":"info","message":"⌛ Validating juego.wlk","timeElapsed":144,"timestamp":"2024-12-03T19:09:38.376Z"}
{"level":"info","message":"⌛ Building environment","timeElapsed":123,"timestamp":"2024-12-03T19:09:38.679Z"}
{"level":"info","message":"⌛ Validating juego.wlk","timeElapsed":127,"timestamp":"2024-12-03T19:09:38.806Z"}
{"level":"info","message":"⌛ Building environment","timeElapsed":131,"timestamp":"2024-12-03T19:09:51.176Z"}
{"level":"info","message":"⌛ Building environment","timeElapsed":119,"timestamp":"2024-12-03T19:09:51.295Z"}
{"level":"info","message":"⌛ Validating juego.wlk","timeElapsed":142,"timestamp":"2024-12-03T19:09:51.438Z"}
{"level":"info","message":"⌛ Validating juego.wlk","timeElapsed":179,"timestamp":"2024-12-03T19:09:51.645Z"}
{"level":"info","message":"⌛ Building environment","timeElapsed":130,"timestamp":"2024-12-03T19:09:51.776Z"}
{"level":"info","message":"onRequest - completionItem/resolve","timestamp":"2024-12-03T19:09:51.778Z"}
{"level":"info","message":"⌛ Building environment","timeElapsed":124,"timestamp":"2024-12-03T19:09:51.903Z"}
{"level":"info","message":"onRequest - completionItem/resolve","timestamp":"2024-12-03T19:09:51.903Z"}
{"level":"info","message":"⌛ Building environment","timeElapsed":121,"timestamp":"2024-12-03T19:09:52.025Z"}
{"level":"info","message":"onRequest - completionItem/resolve","timestamp":"2024-12-03T19:09:52.025Z"}
{"level":"info","message":"⌛ Building environment","timeElapsed":121,"timestamp":"2024-12-03T19:09:52.147Z"}
{"level":"info","message":"onRequest - completionItem/resolve","timestamp":"2024-12-03T19:09:52.150Z"}
{"level":"info","message":"⌛ Validating juego.wlk","timeElapsed":125,"timestamp":"2024-12-03T19:09:52.275Z"}
{"level":"info","message":"⌛ Building environment","timeElapsed":114,"timestamp":"2024-12-03T19:09:52.391Z"}
{"level":"info","message":"onRequest - completionItem/resolve","timestamp":"2024-12-03T19:09:52.391Z"}
{"level":"info","message":"⌛ Validating juego.wlk","timeElapsed":122,"timestamp":"2024-12-03T19:09:52.513Z"}
{"level":"info","message":"⌛ Validating juego.wlk","timeElapsed":123,"timestamp":"2024-12-03T19:09:52.637Z"}
{"level":"info","message":"⌛ Validating juego.wlk","timeElapsed":126,"timestamp":"2024-12-03T19:09:52.769Z"}
{"level":"info","message":"⌛ Validating juego.wlk","timeElapsed":135,"timestamp":"2024-12-03T19:09:52.905Z"}
{"level":"info","message":"onRequest - completionItem/resolve","timestamp":"2024-12-03T19:09:52.906Z"}
{"level":"info","message":"⌛ Building environment","timeElapsed":111,"timestamp":"2024-12-03T19:09:53.018Z"}
{"level":"info","message":"⌛ Validating juego.wlk","timeElapsed":121,"timestamp":"2024-12-03T19:09:53.141Z"}
{"level":"info","message":"⌛ Building environment","timeElapsed":132,"timestamp":"2024-12-03T19:09:54.026Z"}
{"level":"info","message":"⌛ Validating juego.wlk","timeElapsed":127,"timestamp":"2024-12-03T19:09:54.153Z"}
{"level":"info","message":"⌛ Building environment","timeElapsed":124,"timestamp":"2024-12-03T19:09:54.525Z"}
{"level":"info","message":"⌛ Building environment","timeElapsed":171,"timestamp":"2024-12-03T19:09:54.698Z"}
{"level":"info","message":"⌛ Building environment","timeElapsed":120,"timestamp":"2024-12-03T19:09:54.819Z"}
{"level":"info","message":"⌛ Building environment","timeElapsed":117,"timestamp":"2024-12-03T19:09:54.936Z"}
{"level":"info","message":"⌛ Validating juego.wlk","timeElapsed":143,"timestamp":"2024-12-03T19:09:55.080Z"}
{"level":"info","message":"⌛ Building environment","timeElapsed":116,"timestamp":"2024-12-03T19:09:55.197Z"}
{"level":"info","message":"⌛ Building environment","timeElapsed":112,"timestamp":"2024-12-03T19:09:55.311Z"}
{"level":"info","message":"⌛ Validating juego.wlk","timeElapsed":132,"timestamp":"2024-12-03T19:09:55.443Z"}
{"level":"info","message":"⌛ Building environment","timeElapsed":144,"timestamp":"2024-12-03T19:09:55.588Z"}
{"level":"info","message":"⌛ Validating juego.wlk","timeElapsed":143,"timestamp":"2024-12-03T19:09:55.734Z"}
{"level":"info","message":"⌛ Validating juego.wlk","timeElapsed":132,"timestamp":"2024-12-03T19:09:55.866Z"}
{"level":"info","message":"⌛ Building environment","timeElapsed":161,"timestamp":"2024-12-03T19:09:56.028Z"}
{"level":"info","message":"⌛ Validating juego.wlk","timeElapsed":130,"timestamp":"2024-12-03T19:09:56.162Z"}
{"level":"info","message":"⌛ Building environment","timeElapsed":113,"timestamp":"2024-12-03T19:09:56.275Z"}
{"level":"info","message":"⌛ Validating juego.wlk","timeElapsed":131,"timestamp":"2024-12-03T19:09:56.407Z"}
{"level":"info","message":"⌛ Building environment","timeElapsed":128,"timestamp":"2024-12-03T19:09:56.536Z"}
{"level":"info","message":"⌛ Validating juego.wlk","timeElapsed":128,"timestamp":"2024-12-03T19:09:56.667Z"}
{"level":"info","message":"⌛ Building environment","timeElapsed":119,"timestamp":"2024-12-03T19:09:56.786Z"}
{"level":"info","message":"⌛ Building environment","timeElapsed":126,"timestamp":"2024-12-03T19:09:56.914Z"}
{"level":"info","message":"⌛ Validating juego.wlk","timeElapsed":144,"timestamp":"2024-12-03T19:09:57.059Z"}
{"level":"info","message":"⌛ Building environment","timeElapsed":120,"timestamp":"2024-12-03T19:09:57.180Z"}
{"level":"info","message":"⌛ Validating juego.wlk","timeElapsed":127,"timestamp":"2024-12-03T19:09:57.310Z"}
{"level":"info","message":"⌛ Building environment","timeElapsed":188,"timestamp":"2024-12-03T19:09:57.500Z"}
{"level":"info","message":"⌛ Validating juego.wlk","timeElapsed":150,"timestamp":"2024-12-03T19:09:57.650Z"}
{"level":"info","message":"⌛ Building environment","timeElapsed":136,"timestamp":"2024-12-03T19:09:57.795Z"}
{"level":"info","message":"⌛ Validating juego.wlk","timeElapsed":158,"timestamp":"2024-12-03T19:09:57.964Z"}
{"level":"info","message":"⌛ Validating juego.wlk","timeElapsed":150,"timestamp":"2024-12-03T19:09:58.115Z"}
{"level":"info","message":"⌛ Validating juego.wlk","timeElapsed":132,"timestamp":"2024-12-03T19:09:58.249Z"}
{"level":"info","message":"⌛ Validating juego.wlk","timeElapsed":136,"timestamp":"2024-12-03T19:09:58.384Z"}
{"level":"info","message":"⌛ Validating juego.wlk","timeElapsed":144,"timestamp":"2024-12-03T19:09:58.528Z"}
{"level":"info","message":"⌛ Building environment","timeElapsed":119,"timestamp":"2024-12-03T19:10:02.192Z"}
{"level":"info","message":"⌛ Validating juego.wlk","timeElapsed":121,"timestamp":"2024-12-03T19:10:02.315Z"}
{"level":"info","message":"⌛ Building environment","timeElapsed":116,"timestamp":"2024-12-03T19:10:02.602Z"}
{"level":"info","message":"⌛ Building environment","timeElapsed":125,"timestamp":"2024-12-03T19:10:02.761Z"}
{"level":"info","message":"⌛ Validating juego.wlk","timeElapsed":141,"timestamp":"2024-12-03T19:10:02.902Z"}
{"level":"info","message":"onRequest - completionItem/resolve","timestamp":"2024-12-03T19:10:02.903Z"}
{"level":"info","message":"⌛ Building environment","timeElapsed":177,"timestamp":"2024-12-03T19:10:03.080Z"}
{"level":"info","message":"onRequest - completionItem/resolve","timestamp":"2024-12-03T19:10:03.083Z"}
{"level":"info","message":"⌛ Validating juego.wlk","timeElapsed":140,"timestamp":"2024-12-03T19:10:03.224Z"}
{"level":"info","message":"⌛ Building environment","timeElapsed":111,"timestamp":"2024-12-03T19:10:03.336Z"}
{"level":"info","message":"onRequest - completionItem/resolve","timestamp":"2024-12-03T19:10:03.336Z"}
{"level":"info","message":"⌛ Building environment","timeElapsed":114,"timestamp":"2024-12-03T19:10:03.451Z"}
{"level":"info","message":"onRequest - completionItem/resolve","timestamp":"2024-12-03T19:10:03.452Z"}
{"level":"info","message":"⌛ Validating juego.wlk","timeElapsed":139,"timestamp":"2024-12-03T19:10:03.591Z"}
{"level":"info","message":"⌛ Building environment","timeElapsed":104,"timestamp":"2024-12-03T19:10:03.697Z"}
{"level":"info","message":"onRequest - completionItem/resolve","timestamp":"2024-12-03T19:10:03.700Z"}
{"level":"info","message":"⌛ Validating juego.wlk","timeElapsed":123,"timestamp":"2024-12-03T19:10:03.823Z"}
{"level":"info","message":"⌛ Validating juego.wlk","timeElapsed":126,"timestamp":"2024-12-03T19:10:03.949Z"}
{"level":"info","message":"⌛ Validating juego.wlk","timeElapsed":132,"timestamp":"2024-12-03T19:10:04.087Z"}
{"level":"info","message":"⌛ Building environment","timeElapsed":117,"timestamp":"2024-12-03T19:10:04.992Z"}
{"level":"info","message":"onRequest - completionItem/resolve","timestamp":"2024-12-03T19:10:04.992Z"}
{"level":"info","message":"⌛ Validating juego.wlk","timeElapsed":122,"timestamp":"2024-12-03T19:10:05.114Z"}
{"level":"info","message":"⌛ Building environment","timeElapsed":138,"timestamp":"2024-12-03T19:10:05.527Z"}
{"level":"info","message":"⌛ Building environment","timeElapsed":135,"timestamp":"2024-12-03T19:10:05.663Z"}
{"level":"info","message":"⌛ Building environment","timeElapsed":125,"timestamp":"2024-12-03T19:10:05.789Z"}
{"level":"info","message":"⌛ Building environment","timeElapsed":131,"timestamp":"2024-12-03T19:10:05.920Z"}
{"level":"info","message":"⌛ Building environment","timeElapsed":134,"timestamp":"2024-12-03T19:10:06.055Z"}
{"level":"info","message":"⌛ Validating juego.wlk","timeElapsed":119,"timestamp":"2024-12-03T19:10:06.174Z"}
{"level":"info","message":"⌛ Building environment","timeElapsed":178,"timestamp":"2024-12-03T19:10:06.353Z"}
{"level":"info","message":"⌛ Building environment","timeElapsed":117,"timestamp":"2024-12-03T19:10:06.476Z"}
{"level":"info","message":"⌛ Building environment","timeElapsed":107,"timestamp":"2024-12-03T19:10:06.584Z"}
{"level":"info","message":"⌛ Validating juego.wlk","timeElapsed":141,"timestamp":"2024-12-03T19:10:06.728Z"}
{"level":"info","message":"⌛ Validating juego.wlk","timeElapsed":147,"timestamp":"2024-12-03T19:10:06.878Z"}
{"level":"info","message":"⌛ Building environment","timeElapsed":115,"timestamp":"2024-12-03T19:10:06.994Z"}
{"level":"info","message":"⌛ Validating juego.wlk","timeElapsed":128,"timestamp":"2024-12-03T19:10:07.122Z"}
{"level":"info","message":"⌛ Validating juego.wlk","timeElapsed":122,"timestamp":"2024-12-03T19:10:07.244Z"}
{"level":"info","message":"⌛ Validating juego.wlk","timeElapsed":147,"timestamp":"2024-12-03T19:10:07.397Z"}
{"level":"info","message":"⌛ Validating juego.wlk","timeElapsed":122,"timestamp":"2024-12-03T19:10:07.519Z"}
{"level":"info","message":"⌛ Validating juego.wlk","timeElapsed":121,"timestamp":"2024-12-03T19:10:07.641Z"}
{"level":"info","message":"⌛ Building environment","timeElapsed":145,"timestamp":"2024-12-03T19:10:07.786Z"}
{"level":"info","message":"⌛ Validating juego.wlk","timeElapsed":137,"timestamp":"2024-12-03T19:10:07.926Z"}
{"level":"info","message":"⌛ Validating juego.wlk","timeElapsed":179,"timestamp":"2024-12-03T19:10:08.111Z"}
{"level":"info","message":"⌛ Building environment","timeElapsed":109,"timestamp":"2024-12-03T19:10:08.222Z"}
{"level":"info","message":"⌛ Validating juego.wlk","timeElapsed":147,"timestamp":"2024-12-03T19:10:08.373Z"}
{"level":"info","message":"⌛ Building environment","timeElapsed":148,"timestamp":"2024-12-03T19:10:44.062Z"}
{"level":"error","message":"✘ Completions for node failed: Error: [Send]{f6fb7f} at juego.wlk:85 exhausted all cases without a match [Send]{f6fb7f} at juego.wlk:85 exhausted all cases without a match","stack":"Error: [Send]{f6fb7f} at juego.wlk:85 exhausted all cases without a match\n    at c:\\Users\\franp\\.vscode\\extensions\\uqbar.wollok-lsp-ide-0.4.0\\out\\server\\src\\server.js:38:6142\n    at Lh (c:\\Users\\franp\\.vscode\\extensions\\uqbar.wollok-lsp-ide-0.4.0\\out\\server\\src\\server.js:2322:42)\n    at c:\\Users\\franp\\.vscode\\extensions\\uqbar.wollok-lsp-ide-0.4.0\\out\\server\\src\\server.js:2322:2700\n    at c:\\Users\\franp\\.vscode\\extensions\\uqbar.wollok-lsp-ide-0.4.0\\out\\server\\src\\server.js:2329:3736\n    at c:\\Users\\franp\\.vscode\\extensions\\uqbar.wollok-lsp-ide-0.4.0\\out\\server\\src\\server.js:37:74872\n    at He (c:\\Users\\franp\\.vscode\\extensions\\uqbar.wollok-lsp-ide-0.4.0\\out\\server\\src\\server.js:7:8527)\n    at Ct (c:\\Users\\franp\\.vscode\\extensions\\uqbar.wollok-lsp-ide-0.4.0\\out\\server\\src\\server.js:7:6189)\n    at Qi (c:\\Users\\franp\\.vscode\\extensions\\uqbar.wollok-lsp-ide-0.4.0\\out\\server\\src\\server.js:7:6378)\n    at Immediate._onImmediate (c:\\Users\\franp\\.vscode\\extensions\\uqbar.wollok-lsp-ide-0.4.0\\out\\server\\src\\server.js:7:6142)\n    at process.processImmediate (node:internal/timers:483:21)","timestamp":"2024-12-03T19:10:44.102Z"}
{"level":"info","message":"⌛ Validating juego.wlk","timeElapsed":158,"timestamp":"2024-12-03T19:10:44.267Z"}
{"level":"info","message":"⌛ Building environment","timeElapsed":135,"timestamp":"2024-12-03T19:10:44.403Z"}
{"level":"info","message":"⌛ Building environment","timeElapsed":124,"timestamp":"2024-12-03T19:10:44.527Z"}
{"level":"error","message":"✘ Completions for node failed: Error: [Send]{1440fe} at juego.wlk:85 exhausted all cases without a match [Send]{1440fe} at juego.wlk:85 exhausted all cases without a match","stack":"Error: [Send]{1440fe} at juego.wlk:85 exhausted all cases without a match\n    at c:\\Users\\franp\\.vscode\\extensions\\uqbar.wollok-lsp-ide-0.4.0\\out\\server\\src\\server.js:38:6142\n    at Lh (c:\\Users\\franp\\.vscode\\extensions\\uqbar.wollok-lsp-ide-0.4.0\\out\\server\\src\\server.js:2322:42)\n    at c:\\Users\\franp\\.vscode\\extensions\\uqbar.wollok-lsp-ide-0.4.0\\out\\server\\src\\server.js:2322:2700\n    at c:\\Users\\franp\\.vscode\\extensions\\uqbar.wollok-lsp-ide-0.4.0\\out\\server\\src\\server.js:2329:3736\n    at c:\\Users\\franp\\.vscode\\extensions\\uqbar.wollok-lsp-ide-0.4.0\\out\\server\\src\\server.js:37:74872\n    at He (c:\\Users\\franp\\.vscode\\extensions\\uqbar.wollok-lsp-ide-0.4.0\\out\\server\\src\\server.js:7:8527)\n    at Ct (c:\\Users\\franp\\.vscode\\extensions\\uqbar.wollok-lsp-ide-0.4.0\\out\\server\\src\\server.js:7:6189)\n    at Qi (c:\\Users\\franp\\.vscode\\extensions\\uqbar.wollok-lsp-ide-0.4.0\\out\\server\\src\\server.js:7:6378)\n    at Immediate._onImmediate (c:\\Users\\franp\\.vscode\\extensions\\uqbar.wollok-lsp-ide-0.4.0\\out\\server\\src\\server.js:7:6142)\n    at process.processImmediate (node:internal/timers:483:21)","timestamp":"2024-12-03T19:10:44.575Z"}
{"level":"info","message":"⌛ Building environment","timeElapsed":132,"timestamp":"2024-12-03T19:10:44.714Z"}
{"level":"info","message":"⌛ Building environment","timeElapsed":108,"timestamp":"2024-12-03T19:10:44.827Z"}
{"level":"info","message":"⌛ Validating juego.wlk","timeElapsed":146,"timestamp":"2024-12-03T19:10:44.978Z"}
{"level":"info","message":"⌛ Validating juego.wlk","timeElapsed":149,"timestamp":"2024-12-03T19:10:45.129Z"}
{"level":"info","message":"⌛ Validating juego.wlk","timeElapsed":126,"timestamp":"2024-12-03T19:10:45.260Z"}
{"level":"info","message":"⌛ Validating juego.wlk","timeElapsed":133,"timestamp":"2024-12-03T19:10:45.395Z"}
{"level":"info","message":"⌛ Building environment","timeElapsed":206,"timestamp":"2024-12-03T19:10:55.869Z"}
{"level":"info","message":"⌛ Validating rideCar.wpgm","timeElapsed":228,"timestamp":"2024-12-03T19:10:56.125Z"}
{"level":"info","message":"⌛ Building environment","timeElapsed":238,"timestamp":"2024-12-03T19:11:42.415Z"}
{"level":"info","message":"⌛ Validating juego.wlk","timeElapsed":171,"timestamp":"2024-12-03T19:11:42.588Z"}
{"level":"info","message":"⌛ Building environment","timeElapsed":131,"timestamp":"2024-12-03T19:11:43.170Z"}
{"level":"info","message":"⌛ Validating juego.wlk","timeElapsed":135,"timestamp":"2024-12-03T19:11:43.306Z"}
{"level":"info","message":"⌛ Building environment","timeElapsed":143,"timestamp":"2024-12-03T19:11:43.821Z"}
{"level":"info","message":"⌛ Validating juego.wlk","timeElapsed":157,"timestamp":"2024-12-03T19:11:43.980Z"}
{"level":"info","message":"⌛ Building environment","timeElapsed":128,"timestamp":"2024-12-03T19:11:44.159Z"}
{"level":"info","message":"⌛ Validating juego.wlk","timeElapsed":145,"timestamp":"2024-12-03T19:11:44.334Z"}
{"level":"info","message":"⌛ Building environment","timeElapsed":125,"timestamp":"2024-12-03T19:11:44.539Z"}
{"level":"info","message":"⌛ Validating juego.wlk","timeElapsed":146,"timestamp":"2024-12-03T19:11:44.688Z"}
{"level":"info","message":"⌛ Building environment","timeElapsed":132,"timestamp":"2024-12-03T19:11:45.509Z"}
{"level":"info","message":"⌛ Validating juego.wlk","timeElapsed":152,"timestamp":"2024-12-03T19:11:45.662Z"}
{"level":"info","message":"⌛ Building environment","timeElapsed":124,"timestamp":"2024-12-03T19:11:46.143Z"}
{"level":"info","message":"⌛ Validating juego.wlk","timeElapsed":136,"timestamp":"2024-12-03T19:11:46.281Z"}
{"level":"info","message":"⌛ Building environment","timeElapsed":112,"timestamp":"2024-12-03T19:11:46.546Z"}
{"level":"info","message":"⌛ Validating juego.wlk","timeElapsed":137,"timestamp":"2024-12-03T19:11:46.684Z"}
{"level":"info","message":"⌛ Building environment","timeElapsed":129,"timestamp":"2024-12-03T19:11:49.660Z"}
{"level":"info","message":"⌛ Validating juego.wlk","timeElapsed":273,"timestamp":"2024-12-03T19:11:49.934Z"}
{"level":"info","message":"⌛ Building environment","timeElapsed":116,"timestamp":"2024-12-03T19:11:50.078Z"}
{"level":"info","message":"⌛ Validating juego.wlk","timeElapsed":147,"timestamp":"2024-12-03T19:11:50.230Z"}
{"level":"info","message":"⌛ Building environment","timeElapsed":135,"timestamp":"2024-12-03T19:11:50.367Z"}
{"level":"info","message":"⌛ Validating juego.wlk","timeElapsed":137,"timestamp":"2024-12-03T19:11:50.514Z"}
{"level":"info","message":"⌛ Building environment","timeElapsed":127,"timestamp":"2024-12-03T19:11:50.642Z"}
{"level":"info","message":"⌛ Validating juego.wlk","timeElapsed":141,"timestamp":"2024-12-03T19:11:50.789Z"}
{"level":"info","message":"⌛ Building environment","timeElapsed":152,"timestamp":"2024-12-03T19:11:50.948Z"}
{"level":"info","message":"⌛ Validating juego.wlk","timeElapsed":139,"timestamp":"2024-12-03T19:11:51.088Z"}
{"level":"info","message":"⌛ Building environment","timeElapsed":128,"timestamp":"2024-12-03T19:11:51.546Z"}
{"level":"info","message":"⌛ Validating juego.wlk","timeElapsed":135,"timestamp":"2024-12-03T19:11:51.682Z"}
{"level":"info","message":"⌛ Building environment","timeElapsed":132,"timestamp":"2024-12-03T19:11:52.145Z"}
{"level":"info","message":"⌛ Validating juego.wlk","timeElapsed":136,"timestamp":"2024-12-03T19:11:52.282Z"}
{"level":"info","message":"⌛ Building environment","timeElapsed":118,"timestamp":"2024-12-03T19:11:52.617Z"}
{"level":"info","message":"⌛ Validating juego.wlk","timeElapsed":141,"timestamp":"2024-12-03T19:11:52.759Z"}
{"level":"info","message":"⌛ Building environment","timeElapsed":125,"timestamp":"2024-12-03T19:11:57.446Z"}
{"level":"info","message":"⌛ Validating juego.wlk","timeElapsed":147,"timestamp":"2024-12-03T19:11:57.594Z"}
{"level":"info","message":"⌛ Building environment","timeElapsed":160,"timestamp":"2024-12-03T19:11:57.909Z"}
{"level":"info","message":"⌛ Validating juego.wlk","timeElapsed":126,"timestamp":"2024-12-03T19:11:58.036Z"}
{"level":"info","message":"⌛ Building environment","timeElapsed":128,"timestamp":"2024-12-03T19:11:59.141Z"}
{"level":"info","message":"⌛ Validating juego.wlk","timeElapsed":146,"timestamp":"2024-12-03T19:11:59.291Z"}
{"level":"info","message":"⌛ Building environment","timeElapsed":138,"timestamp":"2024-12-03T19:12:00.604Z"}
{"level":"info","message":"⌛ Validating juego.wlk","timeElapsed":151,"timestamp":"2024-12-03T19:12:00.756Z"}
{"level":"info","message":"⌛ Building environment","timeElapsed":112,"timestamp":"2024-12-03T19:12:00.868Z"}
{"level":"info","message":"⌛ Validating juego.wlk","timeElapsed":140,"timestamp":"2024-12-03T19:12:01.009Z"}
{"level":"info","message":"⌛ Building environment","timeElapsed":119,"timestamp":"2024-12-03T19:12:01.150Z"}
{"level":"info","message":"⌛ Validating juego.wlk","timeElapsed":131,"timestamp":"2024-12-03T19:12:01.282Z"}
{"level":"info","message":"⌛ Building environment","timeElapsed":124,"timestamp":"2024-12-03T19:12:01.407Z"}
{"level":"info","message":"⌛ Validating juego.wlk","timeElapsed":138,"timestamp":"2024-12-03T19:12:01.550Z"}
{"level":"info","message":"⌛ Building environment","timeElapsed":114,"timestamp":"2024-12-03T19:12:01.665Z"}
{"level":"info","message":"⌛ Validating juego.wlk","timeElapsed":134,"timestamp":"2024-12-03T19:12:01.800Z"}
{"level":"info","message":"⌛ Building environment","timeElapsed":119,"timestamp":"2024-12-03T19:12:01.921Z"}
{"level":"info","message":"⌛ Validating juego.wlk","timeElapsed":136,"timestamp":"2024-12-03T19:12:02.059Z"}
{"level":"info","message":"⌛ Building environment","timeElapsed":113,"timestamp":"2024-12-03T19:12:02.177Z"}
{"level":"info","message":"⌛ Validating juego.wlk","timeElapsed":142,"timestamp":"2024-12-03T19:12:02.320Z"}
{"level":"info","message":"⌛ Building environment","timeElapsed":132,"timestamp":"2024-12-03T19:12:02.460Z"}
{"level":"info","message":"⌛ Validating juego.wlk","timeElapsed":134,"timestamp":"2024-12-03T19:12:02.599Z"}
{"level":"info","message":"⌛ Building environment","timeElapsed":117,"timestamp":"2024-12-03T19:12:02.717Z"}
{"level":"info","message":"⌛ Validating juego.wlk","timeElapsed":132,"timestamp":"2024-12-03T19:12:02.850Z"}
{"exitCode":"SIGHUP","level":"info","message":"👾 Game executed rideCar.rideCar on c:\\Users\\franp\\OneDrive\\Escritorio\\TP-IntegradorTeam-losifsinelse","timeElapsed":153148,"timestamp":"2024-12-03T19:15:52.941Z"}
